Using pre-set license
Built from '2020.3/staging' branch; Version is '2020.3.3f1 (76626098c1c4) revision 7758432'; Using compiler version '192528614'; Build Type 'Release'
OS: 'Windows 10 Pro; OS build 19042.928; Version 2009; 64bit' Language: 'tr' Physical Memory: 16226 MB
BatchMode: 1, IsHumanControllingUs: 0, StartBugReporterOnCrash: 0, Is64bit: 1, IsPro: 0

 COMMAND LINE ARGUMENTS:
D:\Unity Editors\2020.3.3f1\Editor\Unity.exe
-adb2
-batchMode
-noUpm
-name
AssetImportWorker0
-projectPath
D:/GD Works/spacetronaut
-logFile
Logs/AssetImportWorker0.log
-srvPort
57527
Successfully changed project path to: D:/GD Works/spacetronaut
D:/GD Works/spacetronaut
Using Asset Import Pipeline V2.
Refreshing native plugins compatible for Editor in 36.00 ms, found 1 plugins.
Preloading 0 native plugins for Editor in 0.00 ms.
Initialize engine version: 2020.3.3f1 (76626098c1c4)
[Subsystems] Discovering subsystems at path D:/Unity Editors/2020.3.3f1/Editor/Data/Resources/UnitySubsystems
[Subsystems] Discovering subsystems at path D:/GD Works/spacetronaut/Assets
GfxDevice: creating device client; threaded=0
Direct3D:
    Version:  Direct3D 11.0 [level 11.1]
    Renderer: NVIDIA GeForce GTX 1050 Ti (ID=0x1c8c)
    Vendor:   
    VRAM:     4018 MB
    Driver:   27.21.14.6611
Initialize mono
Mono path[0] = 'D:/Unity Editors/2020.3.3f1/Editor/Data/Managed'
Mono path[1] = 'D:/Unity Editors/2020.3.3f1/Editor/Data/MonoBleedingEdge/lib/mono/unityjit'
Mono config path = 'D:/Unity Editors/2020.3.3f1/Editor/Data/MonoBleedingEdge/etc'
Using monoOptions --debugger-agent=transport=dt_socket,embedding=1,server=y,suspend=n,address=127.0.0.1:56220
Begin MonoManager ReloadAssembly
Registering precompiled unity dll's ...
Register platform support module: D:/Unity Editors/2020.3.3f1/Editor/Data/PlaybackEngines/WebGLSupport/UnityEditor.WebGL.Extensions.dll
Register platform support module: D:/Unity Editors/2020.3.3f1/Editor/Data/PlaybackEngines/WindowsStandaloneSupport/UnityEditor.WindowsStandalone.Extensions.dll
Registered in 0.001385 seconds.
Native extension for WindowsStandalone target not found
Native extension for WebGL target not found
Refreshing native plugins compatible for Editor in 36.36 ms, found 1 plugins.
Preloading 0 native plugins for Editor in 0.00 ms.
Invoked RoslynAnalysisRunner static constructor.
RoslynAnalysisRunner will not be running.
RoslynAnalysisRunner has terminated.
Mono: successfully reloaded assembly
- Completed reload, in  1.316 seconds
Platform modules already initialized, skipping
Registering precompiled user dll's ...
Registered in 0.000907 seconds.
Begin MonoManager ReloadAssembly
Native extension for WindowsStandalone target not found
Native extension for WebGL target not found
Refreshing native plugins compatible for Editor in 39.51 ms, found 1 plugins.
Preloading 0 native plugins for Editor in 0.00 ms.
Invoked RoslynAnalysisRunner static constructor.
RoslynAnalysisRunner will not be running.
RoslynAnalysisRunner has terminated.
Mono: successfully reloaded assembly
- Completed reload, in  0.935 seconds
Platform modules already initialized, skipping
========================================================================
Worker process is ready to serve import requests
Launched and connected shader compiler UnityShaderCompiler.exe after 0.09 seconds
Refreshing native plugins compatible for Editor in 0.61 ms, found 1 plugins.
Preloading 0 native plugins for Editor in 0.00 ms.
Unloading 1858 Unused Serialized files (Serialized files now loaded: 0)
System memory in use before: 88.0 MB.
System memory in use after: 87.9 MB.

Unloading 24 unused Assets to reduce memory usage. Loaded Objects now: 2303.
Total: 3.165600 ms (FindLiveObjects: 0.283400 ms CreateObjectMapping: 0.107100 ms MarkObjects: 2.590400 ms  DeleteObjects: 0.183900 ms)

========================================================================
Received Import Request.
  path: Assets/Scenes/KillScene.unity
  artifactKey: Guid(24fdb0104aeedd24baf213579a6322d2) Importer(815301076,1909f56bfc062723c751e8b465ee728b)
Start importing Assets/Scenes/KillScene.unity using Guid(24fdb0104aeedd24baf213579a6322d2) Importer(815301076,1909f56bfc062723c751e8b465ee728b)  -> (artifact id: '50e1b4ef29a9002d35870aa946825311') in 0.014049 seconds
  Import took 0.017811 seconds .

========================================================================
Received Prepare
Registering precompiled user dll's ...
Registered in 0.000851 seconds.
Begin MonoManager ReloadAssembly
Native extension for WindowsStandalone target not found
Native extension for WebGL target not found
Refreshing native plugins compatible for Editor in 0.58 ms, found 1 plugins.
Preloading 0 native plugins for Editor in 0.00 ms.
Invoked RoslynAnalysisRunner static constructor.
RoslynAnalysisRunner will not be running.
RoslynAnalysisRunner has terminated.
Mono: successfully reloaded assembly
- Completed reload, in  0.881 seconds
Platform modules already initialized, skipping
Refreshing native plugins compatible for Editor in 0.42 ms, found 1 plugins.
Preloading 0 native plugins for Editor in 0.00 ms.
Unloading 1840 Unused Serialized files (Serialized files now loaded: 0)
System memory in use before: 86.7 MB.
System memory in use after: 86.7 MB.

Unloading 12 unused Assets to reduce memory usage. Loaded Objects now: 2307.
Total: 2.592900 ms (FindLiveObjects: 0.235000 ms CreateObjectMapping: 0.106800 ms MarkObjects: 2.154300 ms  DeleteObjects: 0.095700 ms)

========================================================================
Received Import Request.
  Time since last request: 69.121033 seconds.
  path: Assets/Sprites/Credits 1.bmp
  artifactKey: Guid(ea11b875c0af9204888fbf67d692fb5c) Importer(815301076,1909f56bfc062723c751e8b465ee728b)
Start importing Assets/Sprites/Credits 1.bmp using Guid(ea11b875c0af9204888fbf67d692fb5c) Importer(815301076,1909f56bfc062723c751e8b465ee728b)  -> (artifact id: '7d606b2097105f76b2759ae3604b9dbc') in 0.419641 seconds
  Import took 0.422749 seconds .

========================================================================
Received Import Request.
  Time since last request: 4.729963 seconds.
  path: Assets/Sprites/Death
  artifactKey: Guid(fbb5f4582b57892469df6d6d998ca0b6) Importer(815301076,1909f56bfc062723c751e8b465ee728b)
Start importing Assets/Sprites/Death using Guid(fbb5f4582b57892469df6d6d998ca0b6) Importer(815301076,1909f56bfc062723c751e8b465ee728b)  -> (artifact id: '0097a882111a32136cea75a1014da24d') in 0.002420 seconds
  Import took 0.006340 seconds .

========================================================================
Received Import Request.
  Time since last request: 0.041787 seconds.
  path: Assets/Sprites/Death/Red.png
  artifactKey: Guid(04b64cc1b58a4034faef2073af10279f) Importer(815301076,1909f56bfc062723c751e8b465ee728b)
Start importing Assets/Sprites/Death/Red.png using Guid(04b64cc1b58a4034faef2073af10279f) Importer(815301076,1909f56bfc062723c751e8b465ee728b)  -> (artifact id: '6b389f6dafd938ba42f4e57b960c7e7a') in 0.042575 seconds
  Import took 0.045843 seconds .

========================================================================
Received Import Request.
  Time since last request: 0.000478 seconds.
  path: Assets/Sprites/Death/Yellow.png
  artifactKey: Guid(cf16209ad57a93a4b87cc10d3ff77630) Importer(815301076,1909f56bfc062723c751e8b465ee728b)
Start importing Assets/Sprites/Death/Yellow.png using Guid(cf16209ad57a93a4b87cc10d3ff77630) Importer(815301076,1909f56bfc062723c751e8b465ee728b)  -> (artifact id: '2b5985e617d2940293865915ce749c53') in 0.026391 seconds
  Import took 0.029778 seconds .

========================================================================
Received Import Request.
  Time since last request: 0.002882 seconds.
  path: Assets/Sprites/Death/Yellow.png
  artifactKey: Guid(cf16209ad57a93a4b87cc10d3ff77630) Importer(815301076,1909f56bfc062723c751e8b465ee728b)
Start importing Assets/Sprites/Death/Yellow.png using Guid(cf16209ad57a93a4b87cc10d3ff77630) Importer(815301076,1909f56bfc062723c751e8b465ee728b)  -> (artifact id: '2b5985e617d2940293865915ce749c53') in 0.012819 seconds
  Import took 0.016572 seconds .

========================================================================
Received Import Request.
  Time since last request: 384.497491 seconds.
  path: Assets/Scripts/SceneManagement/ReturnScene.cs
  artifactKey: Guid(c03a630cc5270b548bddbeabe9158dd5) Importer(815301076,1909f56bfc062723c751e8b465ee728b)
Start importing Assets/Scripts/SceneManagement/ReturnScene.cs using Guid(c03a630cc5270b548bddbeabe9158dd5) Importer(815301076,1909f56bfc062723c751e8b465ee728b)  -> (artifact id: 'a3dbe419f7a2cb0c32e66df1059b98c0') in 0.005411 seconds
  Import took 0.009610 seconds .

========================================================================
Received Prepare
Registering precompiled user dll's ...
Registered in 0.000846 seconds.
Begin MonoManager ReloadAssembly
Native extension for WindowsStandalone target not found
Native extension for WebGL target not found
Refreshing native plugins compatible for Editor in 0.33 ms, found 1 plugins.
Preloading 0 native plugins for Editor in 0.00 ms.
Invoked RoslynAnalysisRunner static constructor.
RoslynAnalysisRunner will not be running.
RoslynAnalysisRunner has terminated.
Mono: successfully reloaded assembly
- Completed reload, in  0.856 seconds
Platform modules already initialized, skipping
Refreshing native plugins compatible for Editor in 0.35 ms, found 1 plugins.
Preloading 0 native plugins for Editor in 0.00 ms.
Unloading 1840 Unused Serialized files (Serialized files now loaded: 0)
System memory in use before: 89.8 MB.
System memory in use after: 89.8 MB.

Unloading 12 unused Assets to reduce memory usage. Loaded Objects now: 2319.
Total: 2.354000 ms (FindLiveObjects: 0.295300 ms CreateObjectMapping: 0.106900 ms MarkObjects: 1.850600 ms  DeleteObjects: 0.100100 ms)

========================================================================
Received Import Request.
  Time since last request: 46.796247 seconds.
  path: Assets/Scripts/SceneManagement/ReturnMenu.cs
  artifactKey: Guid(59f0e0fcc0bab1546813cec8fdc2f21e) Importer(815301076,1909f56bfc062723c751e8b465ee728b)
Start importing Assets/Scripts/SceneManagement/ReturnMenu.cs using Guid(59f0e0fcc0bab1546813cec8fdc2f21e) Importer(815301076,1909f56bfc062723c751e8b465ee728b)  -> (artifact id: '18761b06cf34a20ee6dc79441d53a55d') in 0.004597 seconds
  Import took 0.008127 seconds .

========================================================================
Received Prepare
Registering precompiled user dll's ...
Registered in 0.000903 seconds.
Begin MonoManager ReloadAssembly
Native extension for WindowsStandalone target not found
Native extension for WebGL target not found
Refreshing native plugins compatible for Editor in 0.34 ms, found 1 plugins.
Preloading 0 native plugins for Editor in 0.00 ms.
Invoked RoslynAnalysisRunner static constructor.
RoslynAnalysisRunner will not be running.
RoslynAnalysisRunner has terminated.
Mono: successfully reloaded assembly
- Completed reload, in  0.926 seconds
Platform modules already initialized, skipping
Refreshing native plugins compatible for Editor in 0.33 ms, found 1 plugins.
Preloading 0 native plugins for Editor in 0.00 ms.
Unloading 1841 Unused Serialized files (Serialized files now loaded: 0)
System memory in use before: 89.8 MB.
System memory in use after: 89.8 MB.

Unloading 12 unused Assets to reduce memory usage. Loaded Objects now: 2324.
Total: 2.232800 ms (FindLiveObjects: 0.179900 ms CreateObjectMapping: 0.061300 ms MarkObjects: 1.885500 ms  DeleteObjects: 0.105300 ms)

========================================================================
Received Prepare
Registering precompiled user dll's ...
Registered in 0.001580 seconds.
Begin MonoManager ReloadAssembly
Native extension for WindowsStandalone target not found
Native extension for WebGL target not found
Refreshing native plugins compatible for Editor in 0.47 ms, found 1 plugins.
Preloading 0 native plugins for Editor in 0.00 ms.
Invoked RoslynAnalysisRunner static constructor.
RoslynAnalysisRunner will not be running.
RoslynAnalysisRunner has terminated.
Mono: successfully reloaded assembly
- Completed reload, in  0.917 seconds
Platform modules already initialized, skipping
Refreshing native plugins compatible for Editor in 0.33 ms, found 1 plugins.
Preloading 0 native plugins for Editor in 0.00 ms.
Unloading 1841 Unused Serialized files (Serialized files now loaded: 0)
System memory in use before: 89.9 MB.
System memory in use after: 89.8 MB.

Unloading 12 unused Assets to reduce memory usage. Loaded Objects now: 2328.
Total: 2.658900 ms (FindLiveObjects: 0.441500 ms CreateObjectMapping: 0.143900 ms MarkObjects: 1.967600 ms  DeleteObjects: 0.103700 ms)

========================================================================
Received Import Request.
  Time since last request: 206.631848 seconds.
  path: Assets/Scripts/SceneManagement/ReturnMenu.cs
  artifactKey: Guid(59f0e0fcc0bab1546813cec8fdc2f21e) Importer(815301076,1909f56bfc062723c751e8b465ee728b)
Start importing Assets/Scripts/SceneManagement/ReturnMenu.cs using Guid(59f0e0fcc0bab1546813cec8fdc2f21e) Importer(815301076,1909f56bfc062723c751e8b465ee728b)  -> (artifact id: 'caee268b8c62076faebf16cbcdc06be2') in 0.003570 seconds
  Import took 0.006264 seconds .

========================================================================
Received Import Request.
  Time since last request: 587.974064 seconds.
  path: Assets/Scenes/Emre sahne.unity
  artifactKey: Guid(221cfc4fc98798b47aa498fee0a74236) Importer(815301076,1909f56bfc062723c751e8b465ee728b)
Start importing Assets/Scenes/Emre sahne.unity using Guid(221cfc4fc98798b47aa498fee0a74236) Importer(815301076,1909f56bfc062723c751e8b465ee728b)  -> (artifact id: '20789ea8cf50160c4bfb21dcac42fc04') in 0.011332 seconds
  Import took 0.014831 seconds .

========================================================================
Received Prepare
Registering precompiled user dll's ...
Registered in 0.000842 seconds.
Begin MonoManager ReloadAssembly
Native extension for WindowsStandalone target not found
Native extension for WebGL target not found
Refreshing native plugins compatible for Editor in 0.33 ms, found 1 plugins.
Preloading 0 native plugins for Editor in 0.00 ms.
Invoked RoslynAnalysisRunner static constructor.
RoslynAnalysisRunner will not be running.
RoslynAnalysisRunner has terminated.
Mono: successfully reloaded assembly
- Completed reload, in  0.835 seconds
Platform modules already initialized, skipping
Refreshing native plugins compatible for Editor in 0.34 ms, found 1 plugins.
Preloading 0 native plugins for Editor in 0.00 ms.
Unloading 1841 Unused Serialized files (Serialized files now loaded: 0)
System memory in use before: 89.9 MB.
System memory in use after: 89.9 MB.

Unloading 12 unused Assets to reduce memory usage. Loaded Objects now: 2332.
Total: 1.993600 ms (FindLiveObjects: 0.173400 ms CreateObjectMapping: 0.071300 ms MarkObjects: 1.638300 ms  DeleteObjects: 0.109400 ms)

========================================================================
Received Prepare
Registering precompiled user dll's ...
Registered in 0.001074 seconds.
Begin MonoManager ReloadAssembly
Native extension for WindowsStandalone target not found
Native extension for WebGL target not found
Refreshing native plugins compatible for Editor in 0.50 ms, found 1 plugins.
Preloading 0 native plugins for Editor in 0.00 ms.
Invoked RoslynAnalysisRunner static constructor.
RoslynAnalysisRunner will not be running.
RoslynAnalysisRunner has terminated.
Mono: successfully reloaded assembly
- Completed reload, in  1.058 seconds
Platform modules already initialized, skipping
Refreshing native plugins compatible for Editor in 0.34 ms, found 1 plugins.
Preloading 0 native plugins for Editor in 0.00 ms.
Unloading 1841 Unused Serialized files (Serialized files now loaded: 0)
System memory in use before: 89.9 MB.
System memory in use after: 89.9 MB.

Unloading 12 unused Assets to reduce memory usage. Loaded Objects now: 2336.
Total: 2.029000 ms (FindLiveObjects: 0.184900 ms CreateObjectMapping: 0.080200 ms MarkObjects: 1.664300 ms  DeleteObjects: 0.098800 ms)

========================================================================
Received Prepare
Registering precompiled user dll's ...
Registered in 0.001181 seconds.
Begin MonoManager ReloadAssembly
Native extension for WindowsStandalone target not found
Native extension for WebGL target not found
Refreshing native plugins compatible for Editor in 0.33 ms, found 1 plugins.
Preloading 0 native plugins for Editor in 0.00 ms.
Invoked RoslynAnalysisRunner static constructor.
RoslynAnalysisRunner will not be running.
RoslynAnalysisRunner has terminated.
Mono: successfully reloaded assembly
- Completed reload, in  0.848 seconds
Platform modules already initialized, skipping
Refreshing native plugins compatible for Editor in 0.33 ms, found 1 plugins.
Preloading 0 native plugins for Editor in 0.00 ms.
Unloading 1841 Unused Serialized files (Serialized files now loaded: 0)
System memory in use before: 89.9 MB.
System memory in use after: 89.9 MB.

Unloading 12 unused Assets to reduce memory usage. Loaded Objects now: 2340.
Total: 1.877600 ms (FindLiveObjects: 0.170000 ms CreateObjectMapping: 0.061100 ms MarkObjects: 1.549000 ms  DeleteObjects: 0.096600 ms)

========================================================================
Received Import Request.
  Time since last request: 140.097170 seconds.
  path: Assets/Scenes/KillScene.unity
  artifactKey: Guid(24fdb0104aeedd24baf213579a6322d2) Importer(815301076,1909f56bfc062723c751e8b465ee728b)
Start importing Assets/Scenes/KillScene.unity using Guid(24fdb0104aeedd24baf213579a6322d2) Importer(815301076,1909f56bfc062723c751e8b465ee728b)  -> (artifact id: '420bb2327618c74468be84e6644935b5') in 0.014708 seconds
  Import took 0.018461 seconds .

========================================================================
Received Prepare
Registering precompiled user dll's ...
Registered in 0.000808 seconds.
Begin MonoManager ReloadAssembly
Native extension for WindowsStandalone target not found
Native extension for WebGL target not found
Refreshing native plugins compatible for Editor in 0.33 ms, found 1 plugins.
Preloading 0 native plugins for Editor in 0.00 ms.
Invoked RoslynAnalysisRunner static constructor.
RoslynAnalysisRunner will not be running.
RoslynAnalysisRunner has terminated.
Mono: successfully reloaded assembly
- Completed reload, in  0.921 seconds
Platform modules already initialized, skipping
Refreshing native plugins compatible for Editor in 0.34 ms, found 1 plugins.
Preloading 0 native plugins for Editor in 0.00 ms.
Unloading 1841 Unused Serialized files (Serialized files now loaded: 0)
System memory in use before: 89.9 MB.
System memory in use after: 89.9 MB.

Unloading 12 unused Assets to reduce memory usage. Loaded Objects now: 2344.
Total: 2.034800 ms (FindLiveObjects: 0.166700 ms CreateObjectMapping: 0.060100 ms MarkObjects: 1.705800 ms  DeleteObjects: 0.101300 ms)

========================================================================
Received Prepare
Registering precompiled user dll's ...
Registered in 0.000860 seconds.
Begin MonoManager ReloadAssembly
Native extension for WindowsStandalone target not found
Native extension for WebGL target not found
Refreshing native plugins compatible for Editor in 0.34 ms, found 1 plugins.
Preloading 0 native plugins for Editor in 0.00 ms.
Invoked RoslynAnalysisRunner static constructor.
RoslynAnalysisRunner will not be running.
RoslynAnalysisRunner has terminated.
Mono: successfully reloaded assembly
- Completed reload, in  0.846 seconds
Platform modules already initialized, skipping
Refreshing native plugins compatible for Editor in 0.35 ms, found 1 plugins.
Preloading 0 native plugins for Editor in 0.00 ms.
Unloading 1841 Unused Serialized files (Serialized files now loaded: 0)
System memory in use before: 89.9 MB.
System memory in use after: 89.9 MB.

Unloading 12 unused Assets to reduce memory usage. Loaded Objects now: 2348.
Total: 2.825900 ms (FindLiveObjects: 0.290100 ms CreateObjectMapping: 0.119100 ms MarkObjects: 2.264700 ms  DeleteObjects: 0.150800 ms)

========================================================================
Received Import Request.
  Time since last request: 149.427319 seconds.
  path: Assets/Scenes/Emre sahne.unity
  artifactKey: Guid(221cfc4fc98798b47aa498fee0a74236) Importer(815301076,1909f56bfc062723c751e8b465ee728b)
Start importing Assets/Scenes/Emre sahne.unity using Guid(221cfc4fc98798b47aa498fee0a74236) Importer(815301076,1909f56bfc062723c751e8b465ee728b)  -> (artifact id: '761f257a363e358b26789ae50d5ea43a') in 0.012166 seconds
  Import took 0.015703 seconds .

========================================================================
Received Import Request.
  Time since last request: 0.002791 seconds.
  path: Assets/Scenes/Emre sahne.unity
  artifactKey: Guid(221cfc4fc98798b47aa498fee0a74236) Importer(815301076,1909f56bfc062723c751e8b465ee728b)
Start importing Assets/Scenes/Emre sahne.unity using Guid(221cfc4fc98798b47aa498fee0a74236) Importer(815301076,1909f56bfc062723c751e8b465ee728b)  -> (artifact id: '761f257a363e358b26789ae50d5ea43a') in 0.002454 seconds
  Import took 0.006819 seconds .

========================================================================
Received Prepare
Registering precompiled user dll's ...
Registered in 0.001252 seconds.
Begin MonoManager ReloadAssembly
Native extension for WindowsStandalone target not found
Native extension for WebGL target not found
Refreshing native plugins compatible for Editor in 0.33 ms, found 1 plugins.
Preloading 0 native plugins for Editor in 0.00 ms.
Invoked RoslynAnalysisRunner static constructor.
RoslynAnalysisRunner will not be running.
RoslynAnalysisRunner has terminated.
Mono: successfully reloaded assembly
- Completed reload, in  0.820 seconds
Platform modules already initialized, skipping
Refreshing native plugins compatible for Editor in 0.33 ms, found 1 plugins.
Preloading 0 native plugins for Editor in 0.00 ms.
Unloading 1841 Unused Serialized files (Serialized files now loaded: 0)
System memory in use before: 89.9 MB.
System memory in use after: 89.9 MB.

Unloading 12 unused Assets to reduce memory usage. Loaded Objects now: 2352.
Total: 2.031400 ms (FindLiveObjects: 0.175300 ms CreateObjectMapping: 0.070100 ms MarkObjects: 1.686500 ms  DeleteObjects: 0.098400 ms)

========================================================================
Received Prepare
Registering precompiled user dll's ...
Registered in 0.000913 seconds.
Begin MonoManager ReloadAssembly
Native extension for WindowsStandalone target not found
Native extension for WebGL target not found
Refreshing native plugins compatible for Editor in 0.34 ms, found 1 plugins.
Preloading 0 native plugins for Editor in 0.00 ms.
Invoked RoslynAnalysisRunner static constructor.
RoslynAnalysisRunner will not be running.
RoslynAnalysisRunner has terminated.
Mono: successfully reloaded assembly
- Completed reload, in  0.881 seconds
Platform modules already initialized, skipping
Refreshing native plugins compatible for Editor in 0.33 ms, found 1 plugins.
Preloading 0 native plugins for Editor in 0.00 ms.
Unloading 1841 Unused Serialized files (Serialized files now loaded: 0)
System memory in use before: 90.0 MB.
System memory in use after: 89.9 MB.

Unloading 12 unused Assets to reduce memory usage. Loaded Objects now: 2356.
Total: 2.061500 ms (FindLiveObjects: 0.332700 ms CreateObjectMapping: 0.081200 ms MarkObjects: 1.527800 ms  DeleteObjects: 0.118400 ms)

========================================================================
Received Prepare
Registering precompiled user dll's ...
Registered in 0.000869 seconds.
Begin MonoManager ReloadAssembly
Native extension for WindowsStandalone target not found
Native extension for WebGL target not found
Refreshing native plugins compatible for Editor in 0.38 ms, found 1 plugins.
Preloading 0 native plugins for Editor in 0.00 ms.
Invoked RoslynAnalysisRunner static constructor.
RoslynAnalysisRunner will not be running.
RoslynAnalysisRunner has terminated.
Mono: successfully reloaded assembly
- Completed reload, in  0.849 seconds
Platform modules already initialized, skipping
Refreshing native plugins compatible for Editor in 0.33 ms, found 1 plugins.
Preloading 0 native plugins for Editor in 0.00 ms.
Unloading 1841 Unused Serialized files (Serialized files now loaded: 0)
System memory in use before: 90.0 MB.
System memory in use after: 89.9 MB.

Unloading 12 unused Assets to reduce memory usage. Loaded Objects now: 2360.
Total: 2.109400 ms (FindLiveObjects: 0.264400 ms CreateObjectMapping: 0.065900 ms MarkObjects: 1.680100 ms  DeleteObjects: 0.097800 ms)

========================================================================
Received Prepare
Registering precompiled user dll's ...
Registered in 0.000838 seconds.
Begin MonoManager ReloadAssembly
Native extension for WindowsStandalone target not found
Native extension for WebGL target not found
Refreshing native plugins compatible for Editor in 0.33 ms, found 1 plugins.
Preloading 0 native plugins for Editor in 0.00 ms.
Invoked RoslynAnalysisRunner static constructor.
RoslynAnalysisRunner will not be running.
RoslynAnalysisRunner has terminated.
Mono: successfully reloaded assembly
- Completed reload, in  0.862 seconds
Platform modules already initialized, skipping
Refreshing native plugins compatible for Editor in 0.53 ms, found 1 plugins.
Preloading 0 native plugins for Editor in 0.00 ms.
Unloading 1841 Unused Serialized files (Serialized files now loaded: 0)
System memory in use before: 90.0 MB.
System memory in use after: 89.9 MB.

Unloading 12 unused Assets to reduce memory usage. Loaded Objects now: 2364.
Total: 2.129400 ms (FindLiveObjects: 0.218100 ms CreateObjectMapping: 0.085500 ms MarkObjects: 1.713600 ms  DeleteObjects: 0.111000 ms)

========================================================================
Received Prepare
Registering precompiled user dll's ...
Registered in 0.001180 seconds.
Begin MonoManager ReloadAssembly
Native extension for WindowsStandalone target not found
Native extension for WebGL target not found
Refreshing native plugins compatible for Editor in 0.33 ms, found 1 plugins.
Preloading 0 native plugins for Editor in 0.00 ms.
Invoked RoslynAnalysisRunner static constructor.
RoslynAnalysisRunner will not be running.
RoslynAnalysisRunner has terminated.
Mono: successfully reloaded assembly
- Completed reload, in  0.837 seconds
Platform modules already initialized, skipping
Refreshing native plugins compatible for Editor in 0.56 ms, found 1 plugins.
Preloading 0 native plugins for Editor in 0.00 ms.
Unloading 1841 Unused Serialized files (Serialized files now loaded: 0)
System memory in use before: 90.0 MB.
System memory in use after: 89.9 MB.

Unloading 12 unused Assets to reduce memory usage. Loaded Objects now: 2368.
Total: 2.719200 ms (FindLiveObjects: 0.196300 ms CreateObjectMapping: 0.073300 ms MarkObjects: 2.344200 ms  DeleteObjects: 0.104200 ms)

========================================================================
Received Prepare
Registering precompiled user dll's ...
Registered in 0.000863 seconds.
Begin MonoManager ReloadAssembly
Native extension for WindowsStandalone target not found
Native extension for WebGL target not found
Refreshing native plugins compatible for Editor in 0.34 ms, found 1 plugins.
Preloading 0 native plugins for Editor in 0.00 ms.
Invoked RoslynAnalysisRunner static constructor.
RoslynAnalysisRunner will not be running.
RoslynAnalysisRunner has terminated.
Mono: successfully reloaded assembly
- Completed reload, in  0.869 seconds
Platform modules already initialized, skipping
Refreshing native plugins compatible for Editor in 0.54 ms, found 1 plugins.
Preloading 0 native plugins for Editor in 0.00 ms.
Unloading 1841 Unused Serialized files (Serialized files now loaded: 0)
System memory in use before: 90.0 MB.
System memory in use after: 90.0 MB.

Unloading 12 unused Assets to reduce memory usage. Loaded Objects now: 2372.
Total: 2.819300 ms (FindLiveObjects: 0.311800 ms CreateObjectMapping: 0.077000 ms MarkObjects: 2.252600 ms  DeleteObjects: 0.175400 ms)

========================================================================
Received Prepare
Registering precompiled user dll's ...
Registered in 0.001124 seconds.
Begin MonoManager ReloadAssembly
Native extension for WindowsStandalone target not found
Native extension for WebGL target not found
Refreshing native plugins compatible for Editor in 0.32 ms, found 1 plugins.
Preloading 0 native plugins for Editor in 0.00 ms.
Invoked RoslynAnalysisRunner static constructor.
RoslynAnalysisRunner will not be running.
RoslynAnalysisRunner has terminated.
Mono: successfully reloaded assembly
- Completed reload, in  0.877 seconds
Platform modules already initialized, skipping
Refreshing native plugins compatible for Editor in 0.33 ms, found 1 plugins.
Preloading 0 native plugins for Editor in 0.00 ms.
Unloading 1841 Unused Serialized files (Serialized files now loaded: 0)
System memory in use before: 90.0 MB.
System memory in use after: 90.0 MB.

Unloading 12 unused Assets to reduce memory usage. Loaded Objects now: 2376.
Total: 2.078600 ms (FindLiveObjects: 0.190600 ms CreateObjectMapping: 0.065600 ms MarkObjects: 1.716900 ms  DeleteObjects: 0.104700 ms)

========================================================================
Received Prepare
Registering precompiled user dll's ...
Registered in 0.001377 seconds.
Begin MonoManager ReloadAssembly
Native extension for WindowsStandalone target not found
Native extension for WebGL target not found
Refreshing native plugins compatible for Editor in 0.32 ms, found 1 plugins.
Preloading 0 native plugins for Editor in 0.00 ms.
Invoked RoslynAnalysisRunner static constructor.
RoslynAnalysisRunner will not be running.
RoslynAnalysisRunner has terminated.
Mono: successfully reloaded assembly
- Completed reload, in  0.827 seconds
Platform modules already initialized, skipping
Refreshing native plugins compatible for Editor in 0.33 ms, found 1 plugins.
Preloading 0 native plugins for Editor in 0.00 ms.
Unloading 1841 Unused Serialized files (Serialized files now loaded: 0)
System memory in use before: 90.0 MB.
System memory in use after: 90.0 MB.

Unloading 12 unused Assets to reduce memory usage. Loaded Objects now: 2380.
Total: 2.178000 ms (FindLiveObjects: 0.176500 ms CreateObjectMapping: 0.065700 ms MarkObjects: 1.837100 ms  DeleteObjects: 0.097700 ms)

========================================================================
Received Prepare
Refreshing native plugins compatible for Editor in 1.58 ms, found 1 plugins.
Preloading 0 native plugins for Editor in 0.00 ms.
Unloading 10 Unused Serialized files (Serialized files now loaded: 0)
System memory in use before: 53.8 MB.
System memory in use after: 53.8 MB.

Unloading 10 unused Assets to reduce memory usage. Loaded Objects now: 2380.
Total: 2.063400 ms (FindLiveObjects: 0.171300 ms CreateObjectMapping: 0.060600 ms MarkObjects: 1.715700 ms  DeleteObjects: 0.114200 ms)

AssetImportWorkerClient::OnTransportError - code=2 error=End of file
