Using pre-set license
Built from '2020.3/staging' branch; Version is '2020.3.3f1 (76626098c1c4) revision 7758432'; Using compiler version '192528614'; Build Type 'Release'
OS: 'Windows 10 Pro; OS build 19042.928; Version 2009; 64bit' Language: 'tr' Physical Memory: 16226 MB
BatchMode: 1, IsHumanControllingUs: 0, StartBugReporterOnCrash: 0, Is64bit: 1, IsPro: 0

 COMMAND LINE ARGUMENTS:
D:\Unity Editors\2020.3.3f1\Editor\Unity.exe
-adb2
-batchMode
-noUpm
-name
AssetImportWorker0
-projectPath
D:/GD Works/spacetronaut
-logFile
Logs/AssetImportWorker0.log
-srvPort
58437
Successfully changed project path to: D:/GD Works/spacetronaut
D:/GD Works/spacetronaut
Using Asset Import Pipeline V2.
Refreshing native plugins compatible for Editor in 38.49 ms, found 1 plugins.
Preloading 0 native plugins for Editor in 0.00 ms.
Initialize engine version: 2020.3.3f1 (76626098c1c4)
[Subsystems] Discovering subsystems at path D:/Unity Editors/2020.3.3f1/Editor/Data/Resources/UnitySubsystems
[Subsystems] Discovering subsystems at path D:/GD Works/spacetronaut/Assets
GfxDevice: creating device client; threaded=0
Direct3D:
    Version:  Direct3D 11.0 [level 11.1]
    Renderer: NVIDIA GeForce GTX 1050 Ti (ID=0x1c8c)
    Vendor:   
    VRAM:     4018 MB
    Driver:   27.21.14.6611
Initialize mono
Mono path[0] = 'D:/Unity Editors/2020.3.3f1/Editor/Data/Managed'
Mono path[1] = 'D:/Unity Editors/2020.3.3f1/Editor/Data/MonoBleedingEdge/lib/mono/unityjit'
Mono config path = 'D:/Unity Editors/2020.3.3f1/Editor/Data/MonoBleedingEdge/etc'
Using monoOptions --debugger-agent=transport=dt_socket,embedding=1,server=y,suspend=n,address=127.0.0.1:56252
Begin MonoManager ReloadAssembly
Registering precompiled unity dll's ...
Register platform support module: D:/Unity Editors/2020.3.3f1/Editor/Data/PlaybackEngines/WebGLSupport/UnityEditor.WebGL.Extensions.dll
Register platform support module: D:/Unity Editors/2020.3.3f1/Editor/Data/PlaybackEngines/WindowsStandaloneSupport/UnityEditor.WindowsStandalone.Extensions.dll
Registered in 0.001854 seconds.
Native extension for WindowsStandalone target not found
Native extension for WebGL target not found
Refreshing native plugins compatible for Editor in 37.56 ms, found 1 plugins.
Preloading 0 native plugins for Editor in 0.00 ms.
Invoked RoslynAnalysisRunner static constructor.
RoslynAnalysisRunner will not be running.
RoslynAnalysisRunner has terminated.
Mono: successfully reloaded assembly
- Completed reload, in  1.372 seconds
Platform modules already initialized, skipping
Registering precompiled user dll's ...
Registered in 0.000849 seconds.
Begin MonoManager ReloadAssembly
Native extension for WindowsStandalone target not found
Native extension for WebGL target not found
Refreshing native plugins compatible for Editor in 40.23 ms, found 1 plugins.
Preloading 0 native plugins for Editor in 0.00 ms.
Invoked RoslynAnalysisRunner static constructor.
RoslynAnalysisRunner will not be running.
RoslynAnalysisRunner has terminated.
Mono: successfully reloaded assembly
- Completed reload, in  0.943 seconds
Platform modules already initialized, skipping
========================================================================
Worker process is ready to serve import requests
Launched and connected shader compiler UnityShaderCompiler.exe after 0.06 seconds
Refreshing native plugins compatible for Editor in 0.36 ms, found 1 plugins.
Preloading 0 native plugins for Editor in 0.00 ms.
Unloading 1859 Unused Serialized files (Serialized files now loaded: 0)
System memory in use before: 88.0 MB.
System memory in use after: 88.0 MB.

Unloading 24 unused Assets to reduce memory usage. Loaded Objects now: 2304.
Total: 2.159900 ms (FindLiveObjects: 0.247900 ms CreateObjectMapping: 0.111700 ms MarkObjects: 1.671200 ms  DeleteObjects: 0.127900 ms)

========================================================================
Received Import Request.
  path: Assets/Scenes/KillScene.unity
  artifactKey: Guid(24fdb0104aeedd24baf213579a6322d2) Importer(815301076,1909f56bfc062723c751e8b465ee728b)
Start importing Assets/Scenes/KillScene.unity using Guid(24fdb0104aeedd24baf213579a6322d2) Importer(815301076,1909f56bfc062723c751e8b465ee728b)  -> (artifact id: '779086a9f649ed1b71e00bcb1ac49016') in 0.010290 seconds
  Import took 0.013082 seconds .

========================================================================
Received Import Request.
  Time since last request: 2040.683970 seconds.
  path: Assets/Sprites/Background new
  artifactKey: Guid(961c6501d67d91d4da38e38f30477e35) Importer(815301076,1909f56bfc062723c751e8b465ee728b)
Start importing Assets/Sprites/Background new using Guid(961c6501d67d91d4da38e38f30477e35) Importer(815301076,1909f56bfc062723c751e8b465ee728b)  -> (artifact id: '4021c8ebc63a7a73ce213f371dfedad3') in 0.002614 seconds
  Import took 0.007302 seconds .

========================================================================
Received Import Request.
  Time since last request: 31.689734 seconds.
  path: Assets/Sprites/Background new/1.png
  artifactKey: Guid(5e61ba1a647ffc0458c532ee5b5ef651) Importer(815301076,1909f56bfc062723c751e8b465ee728b)
Start importing Assets/Sprites/Background new/1.png using Guid(5e61ba1a647ffc0458c532ee5b5ef651) Importer(815301076,1909f56bfc062723c751e8b465ee728b)  -> (artifact id: '09fc243428dc6b46429bac98797ba98a') in 0.136362 seconds
  Import took 0.139965 seconds .

========================================================================
Received Import Request.
  Time since last request: 1.267767 seconds.
  path: Assets/Sprites/Background new/2.png
  artifactKey: Guid(11189334c755a1042a4c55490b7a075f) Importer(815301076,1909f56bfc062723c751e8b465ee728b)
Start importing Assets/Sprites/Background new/2.png using Guid(11189334c755a1042a4c55490b7a075f) Importer(815301076,1909f56bfc062723c751e8b465ee728b)  -> (artifact id: '9a4de62b0d6a74ace596e17620e2e234') in 0.010569 seconds
  Import took 0.013688 seconds .

========================================================================
Received Import Request.
  Time since last request: 1.931915 seconds.
  path: Assets/Sprites/Background new/3.png
  artifactKey: Guid(6d2e745dd73e2044e9904d44f4841ded) Importer(815301076,1909f56bfc062723c751e8b465ee728b)
Start importing Assets/Sprites/Background new/3.png using Guid(6d2e745dd73e2044e9904d44f4841ded) Importer(815301076,1909f56bfc062723c751e8b465ee728b)  -> (artifact id: '94e0f88713f4ad91666f243fa606e1b5') in 0.009836 seconds
  Import took 0.012772 seconds .

========================================================================
Received Import Request.
  Time since last request: 1.086106 seconds.
  path: Assets/Sprites/Background new/4.png
  artifactKey: Guid(617331a7daaf2214296c8ca27e175168) Importer(815301076,1909f56bfc062723c751e8b465ee728b)
Start importing Assets/Sprites/Background new/4.png using Guid(617331a7daaf2214296c8ca27e175168) Importer(815301076,1909f56bfc062723c751e8b465ee728b)  -> (artifact id: 'a599703354c0702cac7dd05a6a94a58b') in 0.009330 seconds
  Import took 0.013177 seconds .

========================================================================
Received Import Request.
  Time since last request: 3.074994 seconds.
  path: Assets/Sprites/Background new/5.png
  artifactKey: Guid(b5cae34cbeebc5e48bafce77f22be07b) Importer(815301076,1909f56bfc062723c751e8b465ee728b)
Start importing Assets/Sprites/Background new/5.png using Guid(b5cae34cbeebc5e48bafce77f22be07b) Importer(815301076,1909f56bfc062723c751e8b465ee728b)  -> (artifact id: '1ab779bdb77e92234f4a30b4fa276bff') in 0.009494 seconds
  Import took 0.013577 seconds .

========================================================================
Received Import Request.
  Time since last request: 1.071530 seconds.
  path: Assets/Sprites/Background new/6.png
  artifactKey: Guid(6a1554a01474da94690f651b77707c37) Importer(815301076,1909f56bfc062723c751e8b465ee728b)
Start importing Assets/Sprites/Background new/6.png using Guid(6a1554a01474da94690f651b77707c37) Importer(815301076,1909f56bfc062723c751e8b465ee728b)  -> (artifact id: 'c21590db7474199ca3a73df588da9575') in 0.008929 seconds
  Import took 0.013385 seconds .

========================================================================
Received Import Request.
  Time since last request: 30.624263 seconds.
  path: Assets/Animations/background_1 1.controller
  artifactKey: Guid(34da0eabd13167b4a9b838645228f44b) Importer(815301076,1909f56bfc062723c751e8b465ee728b)
Start importing Assets/Animations/background_1 1.controller using Guid(34da0eabd13167b4a9b838645228f44b) Importer(815301076,1909f56bfc062723c751e8b465ee728b)  -> (artifact id: 'd337398f6a78b62ed99b085644cad5e9') in 0.006331 seconds
  Import took 0.009528 seconds .

========================================================================
Received Import Request.
  Time since last request: 6.899238 seconds.
  path: Assets/Animations/background_1.controller
  artifactKey: Guid(af95414a6f4ca774eb7f3e03e681ae88) Importer(815301076,1909f56bfc062723c751e8b465ee728b)
Start importing Assets/Animations/background_1.controller using Guid(af95414a6f4ca774eb7f3e03e681ae88) Importer(815301076,1909f56bfc062723c751e8b465ee728b)  -> (artifact id: '9ff3445b3ee83f73965ec66f4d0a2095') in 0.044429 seconds
  Import took 0.047431 seconds .

========================================================================
Received Import Request.
  Time since last request: 1.935692 seconds.
  path: Assets/Animations/Background1.anim
  artifactKey: Guid(f44f1a21f10dcaa4ca4124e9922ab19e) Importer(815301076,1909f56bfc062723c751e8b465ee728b)
Start importing Assets/Animations/Background1.anim using Guid(f44f1a21f10dcaa4ca4124e9922ab19e) Importer(815301076,1909f56bfc062723c751e8b465ee728b)  -> (artifact id: '14172b715b16369ce27d1b8a17553c55') in 0.003440 seconds
  Import took 0.006416 seconds .

========================================================================
Received Import Request.
  Time since last request: 0.045038 seconds.
  path: Assets/Animations/Background1.anim
  artifactKey: Guid(f44f1a21f10dcaa4ca4124e9922ab19e) Importer(815301076,1909f56bfc062723c751e8b465ee728b)
Start importing Assets/Animations/Background1.anim using Guid(f44f1a21f10dcaa4ca4124e9922ab19e) Importer(815301076,1909f56bfc062723c751e8b465ee728b)  -> (artifact id: '14172b715b16369ce27d1b8a17553c55') in 0.002236 seconds
  Import took 0.005189 seconds .

========================================================================
Received Import Request.
  Time since last request: 37.201561 seconds.
  path: Assets/Animations/New Animation.anim
  artifactKey: Guid(3d35fda8caa45ff4eb5f373327f18917) Importer(815301076,1909f56bfc062723c751e8b465ee728b)
Start importing Assets/Animations/New Animation.anim using Guid(3d35fda8caa45ff4eb5f373327f18917) Importer(815301076,1909f56bfc062723c751e8b465ee728b)  -> (artifact id: 'b9b6ce6374869eff3b6869ee0050b026') in 0.002408 seconds
  Import took 0.006342 seconds .

========================================================================
Received Import Request.
  Time since last request: 157.292572 seconds.
  path: Assets/Scenes/Start Scene.unity
  artifactKey: Guid(a4e589ec07f5b404b8d2d085aeba346c) Importer(815301076,1909f56bfc062723c751e8b465ee728b)
Start importing Assets/Scenes/Start Scene.unity using Guid(a4e589ec07f5b404b8d2d085aeba346c) Importer(815301076,1909f56bfc062723c751e8b465ee728b)  -> (artifact id: 'a756db01ffc4272ee2ee798ebb35d73f') in 0.002563 seconds
  Import took 0.007094 seconds .

========================================================================
Received Prepare
Registering precompiled user dll's ...
Registered in 0.000818 seconds.
Begin MonoManager ReloadAssembly
Native extension for WindowsStandalone target not found
Native extension for WebGL target not found
Refreshing native plugins compatible for Editor in 0.34 ms, found 1 plugins.
Preloading 0 native plugins for Editor in 0.00 ms.
Invoked RoslynAnalysisRunner static constructor.
RoslynAnalysisRunner will not be running.
RoslynAnalysisRunner has terminated.
Mono: successfully reloaded assembly
- Completed reload, in  0.911 seconds
Platform modules already initialized, skipping
Refreshing native plugins compatible for Editor in 0.34 ms, found 1 plugins.
Preloading 0 native plugins for Editor in 0.00 ms.
Unloading 1841 Unused Serialized files (Serialized files now loaded: 0)
System memory in use before: 89.8 MB.
System memory in use after: 89.8 MB.

Unloading 12 unused Assets to reduce memory usage. Loaded Objects now: 2314.
Total: 2.182600 ms (FindLiveObjects: 0.184800 ms CreateObjectMapping: 0.085900 ms MarkObjects: 1.799300 ms  DeleteObjects: 0.111300 ms)

========================================================================
Received Prepare
Registering precompiled user dll's ...
Registered in 0.000821 seconds.
Begin MonoManager ReloadAssembly
Native extension for WindowsStandalone target not found
Native extension for WebGL target not found
Refreshing native plugins compatible for Editor in 0.39 ms, found 1 plugins.
Preloading 0 native plugins for Editor in 0.00 ms.
Invoked RoslynAnalysisRunner static constructor.
RoslynAnalysisRunner will not be running.
RoslynAnalysisRunner has terminated.
Mono: successfully reloaded assembly
- Completed reload, in  0.863 seconds
Platform modules already initialized, skipping
Refreshing native plugins compatible for Editor in 0.35 ms, found 1 plugins.
Preloading 0 native plugins for Editor in 0.00 ms.
Unloading 1841 Unused Serialized files (Serialized files now loaded: 0)
System memory in use before: 89.8 MB.
System memory in use after: 89.8 MB.

Unloading 12 unused Assets to reduce memory usage. Loaded Objects now: 2318.
Total: 2.274400 ms (FindLiveObjects: 0.431100 ms CreateObjectMapping: 0.122900 ms MarkObjects: 1.612000 ms  DeleteObjects: 0.106700 ms)

========================================================================
Received Prepare
Refreshing native plugins compatible for Editor in 1.98 ms, found 1 plugins.
Preloading 0 native plugins for Editor in 0.00 ms.
Unloading 10 Unused Serialized files (Serialized files now loaded: 0)
System memory in use before: 53.6 MB.
System memory in use after: 53.6 MB.

Unloading 10 unused Assets to reduce memory usage. Loaded Objects now: 2318.
Total: 2.202400 ms (FindLiveObjects: 0.164300 ms CreateObjectMapping: 0.064300 ms MarkObjects: 1.866900 ms  DeleteObjects: 0.105500 ms)

AssetImportWorkerClient::OnTransportError - code=2 error=End of file
